<?xml version="1.0" encoding="UTF-8"?>
<!-- Generated by org.testng.reporters.JUnitReportReporter -->
<testsuite hostname="DESKTOP-EEFC4ER" failures="0" tests="1" name="Tests.TC01_InputPageTest" time="2.965" errors="0" timestamp="2021-10-19T12:11:49 EDT" skipped="0">
  <testcase classname="Tests.TC01_InputPageTest" name="letCodeCards" time="2.965"/>
  <system-out/>
</testsuite> <!-- Tests.TC01_InputPageTest -->
