<?xml version="1.0" encoding="UTF-8"?>
<!-- Generated by org.testng.reporters.JUnitReportReporter -->
<testsuite hostname="DESKTOP-EEFC4ER" failures="0" tests="1" name="Tests.TC03_ButtonPageTest" time="2.002" errors="0" timestamp="2021-10-20T20:34:48 EDT" skipped="0">
  <testcase classname="Tests.TC03_ButtonPageTest" name="buttonCardValidation" time="2.002"/>
  <system-out/>
</testsuite> <!-- Tests.TC03_ButtonPageTest -->
