<?xml version="1.0" encoding="UTF-8"?>
<!-- Generated by org.testng.reporters.JUnitReportReporter -->
<testsuite hostname="DESKTOP-EEFC4ER" failures="0" tests="1" name="Tests.TC02_InputPageTest" time="7.356" errors="0" timestamp="2021-10-20T21:19:56 EDT" skipped="0">
  <testcase classname="Tests.TC02_InputPageTest" name="inputFileds" time="7.356"/>
  <system-out/>
</testsuite> <!-- Tests.TC02_InputPageTest -->
