<?xml version="1.0" encoding="UTF-8"?>
<!-- Generated by org.testng.reporters.JUnitReportReporter -->
<testsuite hostname="DESKTOP-EEFC4ER" failures="0" tests="1" name="Tests.LetCodeHomePageTest" time="2.726" errors="0" timestamp="2021-10-18T18:19:04 EDT" skipped="0">
  <testcase classname="Tests.LetCodeHomePageTest" name="letCodeMenuClick" time="2.726"/>
  <system-out/>
</testsuite> <!-- Tests.LetCodeHomePageTest -->
