<?xml version="1.0" encoding="UTF-8"?>
<!-- Generated by org.testng.reporters.JUnitReportReporter -->
<testsuite hostname="DESKTOP-EEFC4ER" failures="0" tests="1" name="Tests.TC02_ButtonPageTest" time="2.868" errors="0" timestamp="2021-10-19T12:27:50 EDT" skipped="0">
  <testcase classname="Tests.TC02_ButtonPageTest" name="letCodeCards1" time="2.868"/>
  <system-out/>
</testsuite> <!-- Tests.TC02_ButtonPageTest -->
