<?xml version="1.0" encoding="UTF-8"?>
<!-- Generated by org.testng.reporters.JUnitReportReporter -->
<testsuite hostname="DESKTOP-EEFC4ER" failures="0" tests="2" name="Tests.TC00_UiElementValidationTest" time="11.867" errors="0" timestamp="2021-10-22T12:39:51 EDT" skipped="0">
  <testcase classname="Tests.TC00_UiElementValidationTest" name="uiHeadervalidation" time="4.680"/>
  <system-out/>
  <testcase classname="Tests.TC00_UiElementValidationTest" name="footerValidation" time="7.187"/>
  <system-out/>
</testsuite> <!-- Tests.TC00_UiElementValidationTest -->
